2025-11-21 14:03:39 - INFO - com.example.Day7.Day7Application - Starting Day7Application using Java 24.0.1 with PID 34990 (/Users/psr/Documents/SpringBoot/Day-7/Day7/target/classes started by psr in /Users/psr/Documents/SpringBoot/Day-7/Day7)
2025-11-21 14:03:39 - DEBUG - com.example.Day7.Day7Application - Running with Spring Boot v3.5.7, Spring v6.2.12
2025-11-21 14:03:39 - INFO - com.example.Day7.Day7Application - No active profile set, falling back to 1 default profile: "default"
2025-11-21 14:03:39 - INFO - o.s.d.r.c.RepositoryConfigurationDelegate - Bootstrapping Spring Data JPA repositories in DEFAULT mode.
2025-11-21 14:03:39 - INFO - o.s.d.r.c.RepositoryConfigurationDelegate - Finished Spring Data repository scanning in 16 ms. Found 1 JPA repository interface.
2025-11-21 14:03:39 - INFO - o.s.b.w.e.tomcat.TomcatWebServer - Tomcat initialized with port 8080 (http)
2025-11-21 14:03:39 - INFO - o.a.catalina.core.StandardService - Starting service [Tomcat]
2025-11-21 14:03:39 - INFO - o.a.catalina.core.StandardEngine - Starting Servlet engine: [Apache Tomcat/10.1.48]
2025-11-21 14:03:39 - INFO - o.a.c.c.C.[Tomcat].[localhost].[/] - Initializing Spring embedded WebApplicationContext
2025-11-21 14:03:39 - INFO - o.s.b.w.s.c.ServletWebServerApplicationContext - Root WebApplicationContext: initialization completed in 439 ms
2025-11-21 14:03:39 - INFO - com.zaxxer.hikari.HikariDataSource - HikariPool-1 - Starting...
2025-11-21 14:03:39 - INFO - com.zaxxer.hikari.pool.HikariPool - HikariPool-1 - Added connection conn0: url=jdbc:h2:mem:000ab2c7-88ec-4bf1-af7f-c8f9864a2d5e user=SA
2025-11-21 14:03:39 - INFO - com.zaxxer.hikari.HikariDataSource - HikariPool-1 - Start completed.
2025-11-21 14:03:39 - INFO - o.h.jpa.internal.util.LogHelper - HHH000204: Processing PersistenceUnitInfo [name: default]
2025-11-21 14:03:39 - INFO - org.hibernate.Version - HHH000412: Hibernate ORM core version 6.6.33.Final
2025-11-21 14:03:39 - INFO - o.h.c.i.RegionFactoryInitiator - HHH000026: Second-level cache disabled
2025-11-21 14:03:40 - INFO - o.s.o.j.p.SpringPersistenceUnitInfo - No LoadTimeWeaver setup: ignoring JPA class transformer
2025-11-21 14:03:40 - INFO - o.hibernate.orm.connections.pooling - HHH10001005: Database info:
	Database JDBC URL [Connecting through datasource 'HikariDataSource (HikariPool-1)']
	Database driver: undefined/unknown
	Database version: 2.3.232
	Autocommit mode: undefined/unknown
	Isolation level: undefined/unknown
	Minimum pool size: undefined/unknown
	Maximum pool size: undefined/unknown
2025-11-21 14:03:40 - INFO - o.h.e.t.j.p.i.JtaPlatformInitiator - HHH000489: No JTA platform available (set 'hibernate.transaction.jta.platform' to enable JTA platform integration)
2025-11-21 14:03:40 - INFO - o.s.o.j.LocalContainerEntityManagerFactoryBean - Initialized JPA EntityManagerFactory for persistence unit 'default'
2025-11-21 14:03:40 - WARN - o.s.b.a.o.j.JpaBaseConfiguration$JpaWebConfiguration - spring.jpa.open-in-view is enabled by default. Therefore, database queries may be performed during view rendering. Explicitly configure spring.jpa.open-in-view to disable this warning
2025-11-21 14:03:40 - INFO - o.s.b.w.e.tomcat.TomcatWebServer - Tomcat started on port 8080 (http) with context path '/'
2025-11-21 14:03:40 - INFO - com.example.Day7.Day7Application - Started Day7Application in 1.49 seconds (process running for 1.634)
2025-11-21 14:04:13 - INFO - o.a.c.c.C.[Tomcat].[localhost].[/] - Initializing Spring DispatcherServlet 'dispatcherServlet'
2025-11-21 14:04:13 - INFO - o.s.web.servlet.DispatcherServlet - Initializing Servlet 'dispatcherServlet'
2025-11-21 14:04:13 - INFO - o.s.web.servlet.DispatcherServlet - Completed initialization in 1 ms
2025-11-21 14:04:13 - INFO - c.e.D.controller.StudentController - POST /students -> Create student -> name pankaj, email pankaj@gmail.com
2025-11-21 14:04:13 - INFO - c.e.Day7.service.StudentService - Attempting to create student with email pankaj@gmail.com
2025-11-21 14:04:13 - INFO - c.e.Day7.service.StudentService - Student created Successfully with id 1
2025-11-21 14:04:13 - INFO - c.e.D.controller.StudentController - POST /students -> student created with id 1
2025-11-21 14:04:22 - INFO - c.e.D.controller.StudentController - POST /students -> Create student -> name okokokok, email okok@gmail.com
2025-11-21 14:04:22 - INFO - c.e.Day7.service.StudentService - Attempting to create student with email okok@gmail.com
2025-11-21 14:04:22 - INFO - c.e.Day7.service.StudentService - Student created Successfully with id 2
2025-11-21 14:04:22 - INFO - c.e.D.controller.StudentController - POST /students -> student created with id 2
2025-11-21 14:04:26 - INFO - c.e.D.controller.StudentController - Request Received -> Fetching all students
2025-11-21 14:04:26 - INFO - c.e.Day7.service.StudentService - Fetching all students from DataBase.
2025-11-21 14:04:26 - INFO - c.e.Day7.service.StudentService - Total students fetched 2
2025-11-21 14:04:29 - INFO - c.e.D.controller.StudentController - GET /students/1 called
2025-11-21 14:04:29 - INFO - c.e.Day7.service.StudentService - Fetching student by id 1
2025-11-21 14:04:29 - INFO - c.e.Day7.service.StudentService - Student fetched successfully with id 1
2025-11-21 14:04:29 - INFO - c.e.D.controller.StudentController - Returning student with id 1
2025-11-21 14:04:36 - INFO - c.e.D.controller.StudentController - Delete /students/1 -> request received
2025-11-21 14:04:36 - INFO - c.e.Day7.service.StudentService - Attempting to delete student with id 1
2025-11-21 14:04:36 - INFO - c.e.Day7.service.StudentService - student deleted successfully with id 1
2025-11-21 14:04:36 - INFO - c.e.D.controller.StudentController - Delete /students/1 -> Deleted student successfully
2025-11-21 14:04:51 - INFO - c.e.D.controller.StudentController - PUT /students/1 -> update request recieved
2025-11-21 14:04:51 - INFO - c.e.Day7.service.StudentService - Attempting to update student with id 1
2025-11-21 14:04:51 - ERROR - c.e.Day7.service.StudentService - Update failed. Student not found with id 1
2025-11-21 14:04:51 - ERROR - c.e.D.e.GlobalExceptionalHandler - Student not found. Student not found with id: 1
2025-11-21 14:04:57 - INFO - c.e.D.controller.StudentController - PUT /students/2 -> update request recieved
2025-11-21 14:04:57 - INFO - c.e.Day7.service.StudentService - Attempting to update student with id 2
2025-11-21 14:04:57 - INFO - c.e.Day7.service.StudentService - Student updated successfully with id -> 2
2025-11-21 14:04:57 - INFO - c.e.D.controller.StudentController - PUT /students/2 -> Update successful 
2025-11-21 14:05:14 - INFO - o.s.b.w.e.tomcat.GracefulShutdown - Commencing graceful shutdown. Waiting for active requests to complete
2025-11-21 14:05:14 - INFO - o.s.b.w.e.tomcat.GracefulShutdown - Graceful shutdown complete
2025-11-21 14:05:14 - INFO - o.s.o.j.LocalContainerEntityManagerFactoryBean - Closing JPA EntityManagerFactory for persistence unit 'default'
2025-11-21 14:05:14 - INFO - com.zaxxer.hikari.HikariDataSource - HikariPool-1 - Shutdown initiated...
2025-11-21 14:05:14 - INFO - com.zaxxer.hikari.HikariDataSource - HikariPool-1 - Shutdown completed.
